<?xml version="1.0" encoding="UTF-8"?>
<!-- Generated by org.testng.reporters.JUnitReportReporter -->
<testsuite hostname="IvanIgn95" failures="0" tests="5" name="_.pass_alexanderHolmstromIvanIgnatkov.AdvancedCalculatorTest" time="0.023" errors="0" timestamp="1 Apr 2021 18:05:26 GMT">
  <testcase classname="_.pass_alexanderHolmstromIvanIgnatkov.AdvancedCalculatorTest" name="testSquarerootMethodPositive" time="0.009"/>
  <testcase classname="_.pass_alexanderHolmstromIvanIgnatkov.AdvancedCalculatorTest" name="testCubeMethodPositive" time="0.004"/>
  <testcase classname="_.pass_alexanderHolmstromIvanIgnatkov.AdvancedCalculatorTest" name="testSquareZeroMethod" time="0.004"/>
  <testcase classname="_.pass_alexanderHolmstromIvanIgnatkov.AdvancedCalculatorTest" name="testRaisedToThePowerOfMethod" time="0.003"/>
  <testcase classname="_.pass_alexanderHolmstromIvanIgnatkov.AdvancedCalculatorTest" name="testAbsoluteValueMethod" time="0.003"/>
</testsuite> <!-- _.pass_alexanderHolmstromIvanIgnatkov.AdvancedCalculatorTest -->
