<?xml version="1.0" encoding="UTF-8"?>
<!-- Generated by org.testng.reporters.JUnitReportReporter -->
<testsuite hostname="IvanIgn95" failures="0" tests="4" name="_.pass_alexanderHolmstromIvanIgnatkov.BasicCalculatorTest" time="0.014" errors="0" timestamp="1 Apr 2021 18:05:26 GMT">
  <testcase classname="_.pass_alexanderHolmstromIvanIgnatkov.BasicCalculatorTest" name="testBasicMultiplicationMethodPositive" time="0.003"/>
  <testcase classname="_.pass_alexanderHolmstromIvanIgnatkov.BasicCalculatorTest" name="testBasicSubtractionMethodPositive" time="0.004"/>
  <testcase classname="_.pass_alexanderHolmstromIvanIgnatkov.BasicCalculatorTest" name="testBasicAdditionMethodPositive" time="0.003"/>
  <testcase classname="_.pass_alexanderHolmstromIvanIgnatkov.BasicCalculatorTest" name="testBasicDivisionMethodPositive" time="0.004"/>
</testsuite> <!-- _.pass_alexanderHolmstromIvanIgnatkov.BasicCalculatorTest -->
