<?xml version="1.0" encoding="UTF-8"?>
<!-- Generated by org.testng.reporters.JUnitReportReporter -->
<testsuite hostname="IvanIgn95" failures="0" tests="1" name="_.pass_alexanderHolmstromIvanIgnatkov.MainTest" time="0.001" errors="0" timestamp="1 Apr 2021 18:05:26 GMT">
  <testcase classname="_.pass_alexanderHolmstromIvanIgnatkov.MainTest" name="testMainMethod" time="0.001"/>
</testsuite> <!-- _.pass_alexanderHolmstromIvanIgnatkov.MainTest -->
